TN:
SF:index.js
FNF:0
FNH:0
DA:1,1
DA:4,1
DA:10,1
LF:3
LH:3
BRF:0
BRH:0
end_of_record
TN:
SF:models/marks.js
FN:2,(anonymous_0)
FN:7,(anonymous_1)
FN:38,(anonymous_2)
FNF:3
FNH:3
FNDA:1,(anonymous_0)
FNDA:1,(anonymous_1)
FNDA:1,(anonymous_2)
DA:3,1
DA:4,1
DA:5,1
DA:8,1
DA:9,1
DA:12,0
DA:13,0
DA:16,0
DA:17,0
DA:20,1
DA:21,1
DA:26,0
DA:27,0
DA:33,0
DA:34,0
DA:36,1
DA:39,1
DA:40,1
DA:41,0
DA:44,1
DA:45,0
DA:48,1
DA:49,0
DA:52,1
DA:53,0
DA:56,1
DA:60,1
LF:27
LH:15
BRDA:9,0,0,0
BRDA:9,0,1,0
BRDA:9,0,2,1
BRDA:9,0,3,0
BRDA:9,0,4,0
BRDA:40,1,0,0
BRDA:40,1,1,1
BRDA:44,2,0,0
BRDA:44,2,1,1
BRDA:48,3,0,0
BRDA:48,3,1,1
BRDA:52,4,0,0
BRDA:52,4,1,1
BRF:13
BRH:5
end_of_record
